✅ Connected to PostgreSQL database
Sun, 12 Oct 2025 07:55:15 GMT express:application set "x-powered-by" to true
Sun, 12 Oct 2025 07:55:15 GMT express:application set "etag" to 'weak'
Sun, 12 Oct 2025 07:55:15 GMT express:application set "etag fn" to [Function: generateETag]
Sun, 12 Oct 2025 07:55:15 GMT express:application set "env" to 'production'
Sun, 12 Oct 2025 07:55:15 GMT express:application set "query parser" to 'extended'
Sun, 12 Oct 2025 07:55:15 GMT express:application set "query parser fn" to [Function: parseExtendedQueryString]
Sun, 12 Oct 2025 07:55:15 GMT express:application set "subdomain offset" to 2
Sun, 12 Oct 2025 07:55:15 GMT express:application set "trust proxy" to false
Sun, 12 Oct 2025 07:55:15 GMT express:application set "trust proxy fn" to [Function: trustNone]
Sun, 12 Oct 2025 07:55:15 GMT express:application booting in production mode
Sun, 12 Oct 2025 07:55:15 GMT express:application set "view" to [Function: View]
Sun, 12 Oct 2025 07:55:15 GMT express:application set "views" to '/root/vcareglobal/views'
Sun, 12 Oct 2025 07:55:15 GMT express:application set "jsonp callback name" to 'callback'
Sun, 12 Oct 2025 07:55:15 GMT express:application set "view cache" to true
Sun, 12 Oct 2025 07:55:15 GMT express:router use '/' query
Sun, 12 Oct 2025 07:55:15 GMT express:router:layer new '/'
Sun, 12 Oct 2025 07:55:15 GMT express:router use '/' expressInit
Sun, 12 Oct 2025 07:55:15 GMT express:router:layer new '/'
Sun, 12 Oct 2025 07:55:15 GMT express:router use '/' jsonParser
Sun, 12 Oct 2025 07:55:15 GMT express:router:layer new '/'
Sun, 12 Oct 2025 07:55:15 GMT express:router use '/' urlencodedParser
Sun, 12 Oct 2025 07:55:15 GMT express:router:layer new '/'
Sun, 12 Oct 2025 07:55:15 GMT express:router use '/' <anonymous>
Sun, 12 Oct 2025 07:55:15 GMT express:router:layer new '/'
Sun, 12 Oct 2025 07:55:15 GMT express:application set "trust proxy" to 1
Sun, 12 Oct 2025 07:55:15 GMT express:application set "trust proxy fn" to [Function (anonymous)]
Sun, 12 Oct 2025 07:55:15 GMT express:router use '/' session
Sun, 12 Oct 2025 07:55:15 GMT express:router:layer new '/'
Sun, 12 Oct 2025 07:55:15 GMT express:router use '/' initialize
Sun, 12 Oct 2025 07:55:15 GMT express:router:layer new '/'
Sun, 12 Oct 2025 07:55:15 GMT express:router use '/' authenticate
Sun, 12 Oct 2025 07:55:15 GMT express:router:layer new '/'
Sun, 12 Oct 2025 07:55:15 GMT express:router:route new '/api/register'
Sun, 12 Oct 2025 07:55:15 GMT express:router:layer new '/api/register'
Sun, 12 Oct 2025 07:55:15 GMT express:router:route post '/api/register'
Sun, 12 Oct 2025 07:55:15 GMT express:router:layer new '/'
Sun, 12 Oct 2025 07:55:15 GMT express:router:route new '/api/login'
Sun, 12 Oct 2025 07:55:15 GMT express:router:layer new '/api/login'
Sun, 12 Oct 2025 07:55:15 GMT express:router:route post '/api/login'
Sun, 12 Oct 2025 07:55:15 GMT express:router:layer new '/'
Sun, 12 Oct 2025 07:55:15 GMT express:router:route post '/api/login'
Sun, 12 Oct 2025 07:55:15 GMT express:router:layer new '/'
Sun, 12 Oct 2025 07:55:15 GMT express:router:route new '/api/logout'
Sun, 12 Oct 2025 07:55:15 GMT express:router:layer new '/api/logout'
Sun, 12 Oct 2025 07:55:15 GMT express:router:route post '/api/logout'
Sun, 12 Oct 2025 07:55:15 GMT express:router:layer new '/'
Sun, 12 Oct 2025 07:55:15 GMT express:router:route new '/api/user'
Sun, 12 Oct 2025 07:55:15 GMT express:router:layer new '/api/user'
Sun, 12 Oct 2025 07:55:15 GMT express:router:route get '/api/user'
Sun, 12 Oct 2025 07:55:15 GMT express:router:layer new '/'
Sun, 12 Oct 2025 07:55:15 GMT express:router:route new '/api/auth/login'
Sun, 12 Oct 2025 07:55:15 GMT express:router:layer new '/api/auth/login'
Sun, 12 Oct 2025 07:55:15 GMT express:router:route post '/api/auth/login'
Sun, 12 Oct 2025 07:55:15 GMT express:router:layer new '/'
Sun, 12 Oct 2025 07:55:15 GMT express:router:route new '/api/auth/refresh'
Sun, 12 Oct 2025 07:55:15 GMT express:router:layer new '/api/auth/refresh'
Sun, 12 Oct 2025 07:55:15 GMT express:router:route post '/api/auth/refresh'
Sun, 12 Oct 2025 07:55:15 GMT express:router:layer new '/'
Sun, 12 Oct 2025 07:55:15 GMT express:router:route new '/'
Sun, 12 Oct 2025 07:55:15 GMT express:router:layer new '/'
Sun, 12 Oct 2025 07:55:15 GMT express:router:route get '/'
Sun, 12 Oct 2025 07:55:15 GMT express:router:layer new '/'
Sun, 12 Oct 2025 07:55:15 GMT express:router:route new '/test-registration-validation.html'
Sun, 12 Oct 2025 07:55:15 GMT express:router:layer new '/test-registration-validation.html'
Sun, 12 Oct 2025 07:55:15 GMT express:router:route get '/test-registration-validation.html'
Sun, 12 Oct 2025 07:55:15 GMT express:router:layer new '/'
Sun, 12 Oct 2025 07:55:15 GMT express:router:route new '/api/register'
Sun, 12 Oct 2025 07:55:15 GMT express:router:layer new '/api/register'
Sun, 12 Oct 2025 07:55:15 GMT express:router:route post '/api/register'
Sun, 12 Oct 2025 07:55:15 GMT express:router:layer new '/'
Sun, 12 Oct 2025 07:55:15 GMT express:router:route new '/api/login'
Sun, 12 Oct 2025 07:55:15 GMT express:router:layer new '/api/login'
Sun, 12 Oct 2025 07:55:15 GMT express:router:route post '/api/login'
Sun, 12 Oct 2025 07:55:15 GMT express:router:layer new '/'
Sun, 12 Oct 2025 07:55:15 GMT express:router:route new '/api/select-card'
Sun, 12 Oct 2025 07:55:15 GMT express:router:layer new '/api/select-card'
Sun, 12 Oct 2025 07:55:15 GMT express:router:route post '/api/select-card'
Sun, 12 Oct 2025 07:55:15 GMT express:router:layer new '/'
Sun, 12 Oct 2025 07:55:15 GMT express:router:route new '/api/select-user-type'
Sun, 12 Oct 2025 07:55:15 GMT express:router:layer new '/api/select-user-type'
Sun, 12 Oct 2025 07:55:15 GMT express:router:route post '/api/select-user-type'
Sun, 12 Oct 2025 07:55:15 GMT express:router:layer new '/'
Sun, 12 Oct 2025 07:55:15 GMT express:router:route new '/api/submit-card-order'
Sun, 12 Oct 2025 07:55:15 GMT express:router:layer new '/api/submit-card-order'
Sun, 12 Oct 2025 07:55:15 GMT express:router:route post '/api/submit-card-order'
Sun, 12 Oct 2025 07:55:15 GMT express:router:layer new '/'
Sun, 12 Oct 2025 07:55:15 GMT express:router:route new '/api/admin-login'
Sun, 12 Oct 2025 07:55:15 GMT express:router:layer new '/api/admin-login'
Sun, 12 Oct 2025 07:55:15 GMT express:router:route post '/api/admin-login'
Sun, 12 Oct 2025 07:55:15 GMT express:router:layer new '/'
Sun, 12 Oct 2025 07:55:15 GMT express:router:route new '/api/upgrade-request'
Sun, 12 Oct 2025 07:55:15 GMT express:router:layer new '/api/upgrade-request'
Sun, 12 Oct 2025 07:55:15 GMT express:router:route post '/api/upgrade-request'
Sun, 12 Oct 2025 07:55:15 GMT express:router:layer new '/'
Sun, 12 Oct 2025 07:55:15 GMT express:router:route new '/api/admin/users'
Sun, 12 Oct 2025 07:55:15 GMT express:router:layer new '/api/admin/users'
Sun, 12 Oct 2025 07:55:15 GMT express:router:route get '/api/admin/users'
Sun, 12 Oct 2025 07:55:15 GMT express:router:layer new '/'
Sun, 12 Oct 2025 07:55:15 GMT express:router:route new '/api/admin/cards'
Sun, 12 Oct 2025 07:55:15 GMT express:router:layer new '/api/admin/cards'
Sun, 12 Oct 2025 07:55:15 GMT express:router:route get '/api/admin/cards'
Sun, 12 Oct 2025 07:55:15 GMT express:router:layer new '/'
Sun, 12 Oct 2025 07:55:15 GMT express:router:route new '/api/admin/transactions'
Sun, 12 Oct 2025 07:55:15 GMT express:router:layer new '/api/admin/transactions'
Sun, 12 Oct 2025 07:55:15 GMT express:router:route get '/api/admin/transactions'
Sun, 12 Oct 2025 07:55:15 GMT express:router:layer new '/'
Sun, 12 Oct 2025 07:55:15 GMT express:router:route new '/api/admin/stats'
Sun, 12 Oct 2025 07:55:15 GMT express:router:layer new '/api/admin/stats'
Sun, 12 Oct 2025 07:55:15 GMT express:router:route get '/api/admin/stats'
Sun, 12 Oct 2025 07:55:15 GMT express:router:layer new '/'
Sun, 12 Oct 2025 07:55:15 GMT express:router:route new '/api/admin/users/:userId/status'
Sun, 12 Oct 2025 07:55:15 GMT express:router:layer new '/api/admin/users/:userId/status'
Sun, 12 Oct 2025 07:55:15 GMT express:router:route post '/api/admin/users/:userId/status'
Sun, 12 Oct 2025 07:55:15 GMT express:router:layer new '/'
Sun, 12 Oct 2025 07:55:15 GMT express:router:route post '/api/admin/users/:userId/status'
Sun, 12 Oct 2025 07:55:15 GMT express:router:layer new '/'
Sun, 12 Oct 2025 07:55:15 GMT express:router:route new '/api/admin/transactions/:transactionId/approve'
Sun, 12 Oct 2025 07:55:15 GMT express:router:layer new '/api/admin/transactions/:transactionId/approve'
Sun, 12 Oct 2025 07:55:15 GMT express:router:route post '/api/admin/transactions/:transactionId/approve'
Sun, 12 Oct 2025 07:55:15 GMT express:router:layer new '/'
Sun, 12 Oct 2025 07:55:15 GMT express:router:route post '/api/admin/transactions/:transactionId/approve'
Sun, 12 Oct 2025 07:55:15 GMT express:router:layer new '/'
Sun, 12 Oct 2025 07:55:15 GMT express:router:route new '/api/admin/transactions/:transactionId/reject'
Sun, 12 Oct 2025 07:55:15 GMT express:router:layer new '/api/admin/transactions/:transactionId/reject'
Sun, 12 Oct 2025 07:55:15 GMT express:router:route post '/api/admin/transactions/:transactionId/reject'
Sun, 12 Oct 2025 07:55:15 GMT express:router:layer new '/'
Sun, 12 Oct 2025 07:55:15 GMT express:router:route post '/api/admin/transactions/:transactionId/reject'
Sun, 12 Oct 2025 07:55:15 GMT express:router:layer new '/'
Sun, 12 Oct 2025 07:55:15 GMT express:router:route new '/favicon.svg'
Sun, 12 Oct 2025 07:55:15 GMT express:router:layer new '/favicon.svg'
Sun, 12 Oct 2025 07:55:15 GMT express:router:route get '/favicon.svg'
Sun, 12 Oct 2025 07:55:15 GMT express:router:layer new '/'
Sun, 12 Oct 2025 07:55:15 GMT express:router:route new '/api/forgot-password'
Sun, 12 Oct 2025 07:55:15 GMT express:router:layer new '/api/forgot-password'
Sun, 12 Oct 2025 07:55:15 GMT express:router:route post '/api/forgot-password'
Sun, 12 Oct 2025 07:55:15 GMT express:router:layer new '/'
Sun, 12 Oct 2025 07:55:15 GMT express:router:route new '/api/resend-reset-code'
Sun, 12 Oct 2025 07:55:15 GMT express:router:layer new '/api/resend-reset-code'
Sun, 12 Oct 2025 07:55:15 GMT express:router:route post '/api/resend-reset-code'
Sun, 12 Oct 2025 07:55:15 GMT express:router:layer new '/'
Sun, 12 Oct 2025 07:55:15 GMT express:router:route new '/api/verify-reset-code'
Sun, 12 Oct 2025 07:55:15 GMT express:router:layer new '/api/verify-reset-code'
Sun, 12 Oct 2025 07:55:15 GMT express:router:route post '/api/verify-reset-code'
Sun, 12 Oct 2025 07:55:15 GMT express:router:layer new '/'
Sun, 12 Oct 2025 07:55:15 GMT express:router:route new '/api/reset-password'
Sun, 12 Oct 2025 07:55:15 GMT express:router:layer new '/api/reset-password'
Sun, 12 Oct 2025 07:55:15 GMT express:router:route post '/api/reset-password'
Sun, 12 Oct 2025 07:55:15 GMT express:router:layer new '/'
Sun, 12 Oct 2025 07:55:15 GMT express:router:route new '/api/submit-user-type-order'
Sun, 12 Oct 2025 07:55:15 GMT express:router:layer new '/api/submit-user-type-order'
Sun, 12 Oct 2025 07:55:15 GMT express:router:route post '/api/submit-user-type-order'
Sun, 12 Oct 2025 07:55:15 GMT express:router:layer new '/'
Sun, 12 Oct 2025 07:55:15 GMT express:router:route new '/api/generate-qr-payment'
Sun, 12 Oct 2025 07:55:15 GMT express:router:layer new '/api/generate-qr-payment'
Sun, 12 Oct 2025 07:55:15 GMT express:router:route post '/api/generate-qr-payment'
Sun, 12 Oct 2025 07:55:15 GMT express:router:layer new '/'
Sun, 12 Oct 2025 07:55:15 GMT express:router:route new '/admin-dashboard'
Sun, 12 Oct 2025 07:55:15 GMT express:router:layer new '/admin-dashboard'
Sun, 12 Oct 2025 07:55:15 GMT express:router:route get '/admin-dashboard'
Sun, 12 Oct 2025 07:55:15 GMT express:router:layer new '/'
Sun, 12 Oct 2025 07:55:15 GMT express:router:route new '/user-dashboard'
Sun, 12 Oct 2025 07:55:15 GMT express:router:layer new '/user-dashboard'
Sun, 12 Oct 2025 07:55:15 GMT express:router:route get '/user-dashboard'
Sun, 12 Oct 2025 07:55:15 GMT express:router:layer new '/'
Sun, 12 Oct 2025 07:55:15 GMT express:router:route new '/home'
Sun, 12 Oct 2025 07:55:15 GMT express:router:layer new '/home'
Sun, 12 Oct 2025 07:55:15 GMT express:router:route get '/home'
Sun, 12 Oct 2025 07:55:15 GMT express:router:layer new '/'
Sun, 12 Oct 2025 07:55:15 GMT express:router:route new '/api/register'
Sun, 12 Oct 2025 07:55:15 GMT express:router:layer new '/api/register'
Sun, 12 Oct 2025 07:55:15 GMT express:router:route post '/api/register'
Sun, 12 Oct 2025 07:55:15 GMT express:router:layer new '/'
Sun, 12 Oct 2025 07:55:15 GMT express:router:route new '/api/buy-card'
Sun, 12 Oct 2025 07:55:15 GMT express:router:layer new '/api/buy-card'
Sun, 12 Oct 2025 07:55:15 GMT express:router:route post '/api/buy-card'
Sun, 12 Oct 2025 07:55:15 GMT express:router:layer new '/'
Sun, 12 Oct 2025 07:55:15 GMT express:router:route new '/api/confirm-payment'
Sun, 12 Oct 2025 07:55:15 GMT express:router:layer new '/api/confirm-payment'
Sun, 12 Oct 2025 07:55:15 GMT express:router:route post '/api/confirm-payment'
Sun, 12 Oct 2025 07:55:15 GMT express:router:layer new '/'
Sun, 12 Oct 2025 07:55:15 GMT express:router:route new '/api/user-cards/:userId'
Sun, 12 Oct 2025 07:55:15 GMT express:router:layer new '/api/user-cards/:userId'
Sun, 12 Oct 2025 07:55:15 GMT express:router:route get '/api/user-cards/:userId'
Sun, 12 Oct 2025 07:55:15 GMT express:router:layer new '/'
Sun, 12 Oct 2025 07:55:15 GMT express:router:route new '/api/register/info'
Sun, 12 Oct 2025 07:55:15 GMT express:router:layer new '/api/register/info'
Sun, 12 Oct 2025 07:55:15 GMT express:router:route get '/api/register/info'
Sun, 12 Oct 2025 07:55:15 GMT express:router:layer new '/'
Sun, 12 Oct 2025 07:55:15 GMT express:router:route new '/api/cards'
Sun, 12 Oct 2025 07:55:15 GMT express:router:layer new '/api/cards'
Sun, 12 Oct 2025 07:55:15 GMT express:router:route get '/api/cards'
Sun, 12 Oct 2025 07:55:15 GMT express:router:layer new '/'
Sun, 12 Oct 2025 07:55:15 GMT express:router:route get '/api/cards'
Sun, 12 Oct 2025 07:55:15 GMT express:router:layer new '/'
Sun, 12 Oct 2025 07:55:15 GMT express:router:route get '/api/cards'
Sun, 12 Oct 2025 07:55:15 GMT express:router:layer new '/'
Sun, 12 Oct 2025 07:55:15 GMT express:router:route new '/api/cards'
Sun, 12 Oct 2025 07:55:15 GMT express:router:layer new '/api/cards'
Sun, 12 Oct 2025 07:55:15 GMT express:router:route post '/api/cards'
Sun, 12 Oct 2025 07:55:15 GMT express:router:layer new '/'
Sun, 12 Oct 2025 07:55:15 GMT express:router:route post '/api/cards'
Sun, 12 Oct 2025 07:55:15 GMT express:router:layer new '/'
Sun, 12 Oct 2025 07:55:15 GMT express:router:route post '/api/cards'
Sun, 12 Oct 2025 07:55:15 GMT express:router:layer new '/'
Sun, 12 Oct 2025 07:55:15 GMT express:router:route post '/api/cards'
Sun, 12 Oct 2025 07:55:15 GMT express:router:layer new '/'
Sun, 12 Oct 2025 07:55:15 GMT express:router:route new '/api/cards/:id'
Sun, 12 Oct 2025 07:55:15 GMT express:router:layer new '/api/cards/:id'
Sun, 12 Oct 2025 07:55:15 GMT express:router:route put '/api/cards/:id'
Sun, 12 Oct 2025 07:55:15 GMT express:router:layer new '/'
Sun, 12 Oct 2025 07:55:15 GMT express:router:route new '/api/cards/:id'
Sun, 12 Oct 2025 07:55:15 GMT express:router:layer new '/api/cards/:id'
Sun, 12 Oct 2025 07:55:15 GMT express:router:route delete '/api/cards/:id'
Sun, 12 Oct 2025 07:55:15 GMT express:router:layer new '/'
Sun, 12 Oct 2025 07:55:15 GMT express:router:route new '/api/branches'
Sun, 12 Oct 2025 07:55:15 GMT express:router:layer new '/api/branches'
Sun, 12 Oct 2025 07:55:15 GMT express:router:route get '/api/branches'
Sun, 12 Oct 2025 07:55:15 GMT express:router:layer new '/'
Sun, 12 Oct 2025 07:55:15 GMT express:router:route new '/api/branches'
Sun, 12 Oct 2025 07:55:15 GMT express:router:layer new '/api/branches'
Sun, 12 Oct 2025 07:55:15 GMT express:router:route post '/api/branches'
Sun, 12 Oct 2025 07:55:15 GMT express:router:layer new '/'
Sun, 12 Oct 2025 07:55:15 GMT express:router:route new '/api/staff'
Sun, 12 Oct 2025 07:55:15 GMT express:router:layer new '/api/staff'
Sun, 12 Oct 2025 07:55:15 GMT express:router:route get '/api/staff'
Sun, 12 Oct 2025 07:55:15 GMT express:router:layer new '/'
Sun, 12 Oct 2025 07:55:15 GMT express:router:route new '/api/staff'
Sun, 12 Oct 2025 07:55:15 GMT express:router:layer new '/api/staff'
Sun, 12 Oct 2025 07:55:15 GMT express:router:route post '/api/staff'
Sun, 12 Oct 2025 07:55:15 GMT express:router:layer new '/'
Sun, 12 Oct 2025 07:55:15 GMT express:router:route new '/api/staff/:id'
Sun, 12 Oct 2025 07:55:15 GMT express:router:layer new '/api/staff/:id'
Sun, 12 Oct 2025 07:55:15 GMT express:router:route put '/api/staff/:id'
Sun, 12 Oct 2025 07:55:15 GMT express:router:layer new '/'
Sun, 12 Oct 2025 07:55:15 GMT express:router:route new '/api/staff/:id'
Sun, 12 Oct 2025 07:55:15 GMT express:router:layer new '/api/staff/:id'
Sun, 12 Oct 2025 07:55:15 GMT express:router:route delete '/api/staff/:id'
Sun, 12 Oct 2025 07:55:15 GMT express:router:layer new '/'
Sun, 12 Oct 2025 07:55:15 GMT express:router:route new '/api/transactions'
Sun, 12 Oct 2025 07:55:15 GMT express:router:layer new '/api/transactions'
Sun, 12 Oct 2025 07:55:15 GMT express:router:route get '/api/transactions'
Sun, 12 Oct 2025 07:55:15 GMT express:router:layer new '/'
Sun, 12 Oct 2025 07:55:15 GMT express:router:route new '/api/transactions'
Sun, 12 Oct 2025 07:55:15 GMT express:router:layer new '/api/transactions'
Sun, 12 Oct 2025 07:55:15 GMT express:router:route post '/api/transactions'
Sun, 12 Oct 2025 07:55:15 GMT express:router:layer new '/'
Sun, 12 Oct 2025 07:55:15 GMT express:router:route new '/api/dashboard/metrics'
Sun, 12 Oct 2025 07:55:15 GMT express:router:layer new '/api/dashboard/metrics'
Sun, 12 Oct 2025 07:55:15 GMT express:router:route get '/api/dashboard/metrics'
Sun, 12 Oct 2025 07:55:15 GMT express:router:layer new '/'
Sun, 12 Oct 2025 07:55:15 GMT express:router:route get '/api/dashboard/metrics'
Sun, 12 Oct 2025 07:55:15 GMT express:router:layer new '/'
Sun, 12 Oct 2025 07:55:15 GMT express:router:route get '/api/dashboard/metrics'
Sun, 12 Oct 2025 07:55:15 GMT express:router:layer new '/'
Sun, 12 Oct 2025 07:55:15 GMT express:router:route new '/api/dashboard/revenue-chart'
Sun, 12 Oct 2025 07:55:15 GMT express:router:layer new '/api/dashboard/revenue-chart'
Sun, 12 Oct 2025 07:55:15 GMT express:router:route get '/api/dashboard/revenue-chart'
Sun, 12 Oct 2025 07:55:15 GMT express:router:layer new '/'
Sun, 12 Oct 2025 07:55:15 GMT express:router:route new '/api/dashboard/business-overview'
Sun, 12 Oct 2025 07:55:15 GMT express:router:layer new '/api/dashboard/business-overview'
Sun, 12 Oct 2025 07:55:15 GMT express:router:route get '/api/dashboard/business-overview'
Sun, 12 Oct 2025 07:55:15 GMT express:router:layer new '/'
Sun, 12 Oct 2025 07:55:15 GMT express:router:route new '/api/cards/:id/checkin'
Sun, 12 Oct 2025 07:55:15 GMT express:router:layer new '/api/cards/:id/checkin'
Sun, 12 Oct 2025 07:55:15 GMT express:router:route post '/api/cards/:id/checkin'
Sun, 12 Oct 2025 07:55:15 GMT express:router:layer new '/'
Sun, 12 Oct 2025 07:55:15 GMT express:router:route new '/api/cards/types'
Sun, 12 Oct 2025 07:55:15 GMT express:router:layer new '/api/cards/types'
Sun, 12 Oct 2025 07:55:15 GMT express:router:route get '/api/cards/types'
Sun, 12 Oct 2025 07:55:15 GMT express:router:layer new '/'
Sun, 12 Oct 2025 07:55:15 GMT express:router:route new '/api/cards/:id/benefits'
Sun, 12 Oct 2025 07:55:15 GMT express:router:layer new '/api/cards/:id/benefits'
Sun, 12 Oct 2025 07:55:15 GMT express:router:route get '/api/cards/:id/benefits'
Sun, 12 Oct 2025 07:55:15 GMT express:router:layer new '/'
Sun, 12 Oct 2025 07:55:15 GMT express:router:route new '/api/kpis'
Sun, 12 Oct 2025 07:55:15 GMT express:router:layer new '/api/kpis'
Sun, 12 Oct 2025 07:55:15 GMT express:router:route get '/api/kpis'
Sun, 12 Oct 2025 07:55:15 GMT express:router:layer new '/'
Sun, 12 Oct 2025 07:55:15 GMT express:router:route new '/api/kpis/branch/:branchId'
Sun, 12 Oct 2025 07:55:15 GMT express:router:layer new '/api/kpis/branch/:branchId'
Sun, 12 Oct 2025 07:55:15 GMT express:router:route get '/api/kpis/branch/:branchId'
Sun, 12 Oct 2025 07:55:15 GMT express:router:layer new '/'
Sun, 12 Oct 2025 07:55:15 GMT express:router:route new '/api/kpis/period/:period/:periodValue'
Sun, 12 Oct 2025 07:55:15 GMT express:router:layer new '/api/kpis/period/:period/:periodValue'
Sun, 12 Oct 2025 07:55:15 GMT express:router:route get '/api/kpis/period/:period/:periodValue'
Sun, 12 Oct 2025 07:55:15 GMT express:router:layer new '/'
Sun, 12 Oct 2025 07:55:15 GMT express:router:route new '/api/branches/performance'
Sun, 12 Oct 2025 07:55:15 GMT express:router:layer new '/api/branches/performance'
Sun, 12 Oct 2025 07:55:15 GMT express:router:route get '/api/branches/performance'
Sun, 12 Oct 2025 07:55:15 GMT express:router:layer new '/'
Sun, 12 Oct 2025 07:55:15 GMT express:router:route new '/api/kpis/alerts'
Sun, 12 Oct 2025 07:55:15 GMT express:router:layer new '/api/kpis/alerts'
Sun, 12 Oct 2025 07:55:15 GMT express:router:route get '/api/kpis/alerts'
Sun, 12 Oct 2025 07:55:15 GMT express:router:layer new '/'
Sun, 12 Oct 2025 07:55:15 GMT express:router:route new '/api/kpis'
Sun, 12 Oct 2025 07:55:15 GMT express:router:layer new '/api/kpis'
Sun, 12 Oct 2025 07:55:15 GMT express:router:route post '/api/kpis'
Sun, 12 Oct 2025 07:55:15 GMT express:router:layer new '/'
Sun, 12 Oct 2025 07:55:15 GMT express:router:route new '/api/profit-sharing/validate'
Sun, 12 Oct 2025 07:55:15 GMT express:router:layer new '/api/profit-sharing/validate'
Sun, 12 Oct 2025 07:55:15 GMT express:router:route post '/api/profit-sharing/validate'
Sun, 12 Oct 2025 07:55:15 GMT express:router:layer new '/'
Sun, 12 Oct 2025 07:55:15 GMT express:router:route new '/api/staff-kpis'
Sun, 12 Oct 2025 07:55:15 GMT express:router:layer new '/api/staff-kpis'
Sun, 12 Oct 2025 07:55:15 GMT express:router:route get '/api/staff-kpis'
Sun, 12 Oct 2025 07:55:15 GMT express:router:layer new '/'
Sun, 12 Oct 2025 07:55:15 GMT express:router:route new '/api/staff-kpis/staff/:staffId'
Sun, 12 Oct 2025 07:55:15 GMT express:router:layer new '/api/staff-kpis/staff/:staffId'
Sun, 12 Oct 2025 07:55:15 GMT express:router:route get '/api/staff-kpis/staff/:staffId'
Sun, 12 Oct 2025 07:55:15 GMT express:router:layer new '/'
Sun, 12 Oct 2025 07:55:15 GMT express:router:route new '/api/staff-kpis/period/:period/:periodValue'
Sun, 12 Oct 2025 07:55:15 GMT express:router:layer new '/api/staff-kpis/period/:period/:periodValue'
Sun, 12 Oct 2025 07:55:15 GMT express:router:route get '/api/staff-kpis/period/:period/:periodValue'
Sun, 12 Oct 2025 07:55:15 GMT express:router:layer new '/'
Sun, 12 Oct 2025 07:55:15 GMT express:router:route new '/api/staff-kpis'
Sun, 12 Oct 2025 07:55:15 GMT express:router:layer new '/api/staff-kpis'
Sun, 12 Oct 2025 07:55:15 GMT express:router:route post '/api/staff-kpis'
Sun, 12 Oct 2025 07:55:15 GMT express:router:layer new '/'
Sun, 12 Oct 2025 07:55:15 GMT express:router:route new '/api/staff-kpis/:id'
Sun, 12 Oct 2025 07:55:15 GMT express:router:layer new '/api/staff-kpis/:id'
Sun, 12 Oct 2025 07:55:15 GMT express:router:route put '/api/staff-kpis/:id'
Sun, 12 Oct 2025 07:55:15 GMT express:router:layer new '/'
Sun, 12 Oct 2025 07:55:15 GMT express:router:route new '/api/staff-kpis/calculate/:staffId/:period/:periodValue'
Sun, 12 Oct 2025 07:55:15 GMT express:router:layer new '/api/staff-kpis/calculate/:staffId/:period/:periodValue'
Sun, 12 Oct 2025 07:55:15 GMT express:router:route get '/api/staff-kpis/calculate/:staffId/:period/:periodValue'
Sun, 12 Oct 2025 07:55:15 GMT express:router:layer new '/'
Sun, 12 Oct 2025 07:55:15 GMT express:router:route new '/api/staff-kpis/process-quarterly-shares'
Sun, 12 Oct 2025 07:55:15 GMT express:router:layer new '/api/staff-kpis/process-quarterly-shares'
Sun, 12 Oct 2025 07:55:15 GMT express:router:route post '/api/staff-kpis/process-quarterly-shares'
Sun, 12 Oct 2025 07:55:15 GMT express:router:layer new '/'
Sun, 12 Oct 2025 07:55:15 GMT express:router:route new '/api/staff/labor-pool'
Sun, 12 Oct 2025 07:55:15 GMT express:router:layer new '/api/staff/labor-pool'
Sun, 12 Oct 2025 07:55:15 GMT express:router:route get '/api/staff/labor-pool'
Sun, 12 Oct 2025 07:55:15 GMT express:router:layer new '/'
Sun, 12 Oct 2025 07:55:15 GMT express:router:route new '/api/referrals'
Sun, 12 Oct 2025 07:55:15 GMT express:router:layer new '/api/referrals'
Sun, 12 Oct 2025 07:55:15 GMT express:router:route get '/api/referrals'
Sun, 12 Oct 2025 07:55:15 GMT express:router:layer new '/'
Sun, 12 Oct 2025 07:55:15 GMT express:router:route new '/api/referrals/referrer/:referrerId'
Sun, 12 Oct 2025 07:55:15 GMT express:router:layer new '/api/referrals/referrer/:referrerId'
Sun, 12 Oct 2025 07:55:15 GMT express:router:route get '/api/referrals/referrer/:referrerId'
Sun, 12 Oct 2025 07:55:15 GMT express:router:layer new '/'
Sun, 12 Oct 2025 07:55:15 GMT express:router:route new '/api/referrals/code/:referralCode'
Sun, 12 Oct 2025 07:55:15 GMT express:router:layer new '/api/referrals/code/:referralCode'
Sun, 12 Oct 2025 07:55:15 GMT express:router:route get '/api/referrals/code/:referralCode'
Sun, 12 Oct 2025 07:55:15 GMT express:router:layer new '/'
Sun, 12 Oct 2025 07:55:15 GMT express:router:route new '/api/referrals'
Sun, 12 Oct 2025 07:55:15 GMT express:router:layer new '/api/referrals'
Sun, 12 Oct 2025 07:55:15 GMT express:router:route post '/api/referrals'
Sun, 12 Oct 2025 07:55:15 GMT express:router:layer new '/'
Sun, 12 Oct 2025 07:55:15 GMT express:router:route new '/api/referrals/:id'
Sun, 12 Oct 2025 07:55:15 GMT express:router:layer new '/api/referrals/:id'
Sun, 12 Oct 2025 07:55:15 GMT express:router:route put '/api/referrals/:id'
Sun, 12 Oct 2025 07:55:15 GMT express:router:layer new '/'
Sun, 12 Oct 2025 07:55:15 GMT express:router:route new '/api/referrals/generate-code'
Sun, 12 Oct 2025 07:55:15 GMT express:router:layer new '/api/referrals/generate-code'
Sun, 12 Oct 2025 07:55:15 GMT express:router:route post '/api/referrals/generate-code'
Sun, 12 Oct 2025 07:55:15 GMT express:router:layer new '/'
Sun, 12 Oct 2025 07:55:15 GMT express:router:route new '/api/referrals/ctv-pool'
Sun, 12 Oct 2025 07:55:15 GMT express:router:layer new '/api/referrals/ctv-pool'
Sun, 12 Oct 2025 07:55:15 GMT express:router:route get '/api/referrals/ctv-pool'
Sun, 12 Oct 2025 07:55:15 GMT express:router:layer new '/'
Sun, 12 Oct 2025 07:55:15 GMT express:router:route new '/api/referrals/commission/:referralId'
Sun, 12 Oct 2025 07:55:15 GMT express:router:layer new '/api/referrals/commission/:referralId'
Sun, 12 Oct 2025 07:55:15 GMT express:router:route get '/api/referrals/commission/:referralId'
Sun, 12 Oct 2025 07:55:15 GMT express:router:layer new '/'
Sun, 12 Oct 2025 07:55:15 GMT express:router:route new '/api/referrals/process-transaction'
Sun, 12 Oct 2025 07:55:15 GMT express:router:layer new '/api/referrals/process-transaction'
Sun, 12 Oct 2025 07:55:15 GMT express:router:route post '/api/referrals/process-transaction'
Sun, 12 Oct 2025 07:55:15 GMT express:router:layer new '/'
Sun, 12 Oct 2025 07:55:15 GMT express:router:route new '/api/referrals/:referralId/mark-paid'
Sun, 12 Oct 2025 07:55:15 GMT express:router:layer new '/api/referrals/:referralId/mark-paid'
Sun, 12 Oct 2025 07:55:15 GMT express:router:route post '/api/referrals/:referralId/mark-paid'
Sun, 12 Oct 2025 07:55:15 GMT express:router:layer new '/'
Sun, 12 Oct 2025 07:55:15 GMT express:router:route new '/api/referrals/process-payments/:referrerId'
Sun, 12 Oct 2025 07:55:15 GMT express:router:layer new '/api/referrals/process-payments/:referrerId'
Sun, 12 Oct 2025 07:55:15 GMT express:router:route post '/api/referrals/process-payments/:referrerId'
Sun, 12 Oct 2025 07:55:15 GMT express:router:layer new '/'
Sun, 12 Oct 2025 07:55:15 GMT express:router:route new '/api/profit-sharings'
Sun, 12 Oct 2025 07:55:15 GMT express:router:layer new '/api/profit-sharings'
Sun, 12 Oct 2025 07:55:15 GMT express:router:route get '/api/profit-sharings'
Sun, 12 Oct 2025 07:55:15 GMT express:router:layer new '/'
Sun, 12 Oct 2025 07:55:15 GMT express:router:route new '/api/profit-sharings/period/:period/:periodValue'
Sun, 12 Oct 2025 07:55:15 GMT express:router:layer new '/api/profit-sharings/period/:period/:periodValue'
Sun, 12 Oct 2025 07:55:15 GMT express:router:route get '/api/profit-sharings/period/:period/:periodValue'
Sun, 12 Oct 2025 07:55:15 GMT express:router:layer new '/'
Sun, 12 Oct 2025 07:55:15 GMT express:router:route new '/api/profit-sharings/calculate/:period/:periodValue'
Sun, 12 Oct 2025 07:55:15 GMT express:router:layer new '/api/profit-sharings/calculate/:period/:periodValue'
Sun, 12 Oct 2025 07:55:15 GMT express:router:route get '/api/profit-sharings/calculate/:period/:periodValue'
Sun, 12 Oct 2025 07:55:15 GMT express:router:layer new '/'
Sun, 12 Oct 2025 07:55:15 GMT express:router:route new '/api/profit-sharings/process'
Sun, 12 Oct 2025 07:55:15 GMT express:router:layer new '/api/profit-sharings/process'
Sun, 12 Oct 2025 07:55:15 GMT express:router:route post '/api/profit-sharings/process'
Sun, 12 Oct 2025 07:55:15 GMT express:router:layer new '/'
Sun, 12 Oct 2025 07:55:15 GMT express:router:route new '/api/profit-distributions'
Sun, 12 Oct 2025 07:55:15 GMT express:router:layer new '/api/profit-distributions'
Sun, 12 Oct 2025 07:55:15 GMT express:router:route get '/api/profit-distributions'
Sun, 12 Oct 2025 07:55:15 GMT express:router:layer new '/'
Sun, 12 Oct 2025 07:55:15 GMT express:router:route new '/api/profit-distributions/sharing/:profitSharingId'
Sun, 12 Oct 2025 07:55:15 GMT express:router:layer new '/api/profit-distributions/sharing/:profitSharingId'
Sun, 12 Oct 2025 07:55:15 GMT express:router:route get '/api/profit-distributions/sharing/:profitSharingId'
Sun, 12 Oct 2025 07:55:15 GMT express:router:layer new '/'
Sun, 12 Oct 2025 07:55:15 GMT express:router:route new '/api/profit-distributions/:distributionId/mark-paid'
Sun, 12 Oct 2025 07:55:15 GMT express:router:layer new '/api/profit-distributions/:distributionId/mark-paid'
Sun, 12 Oct 2025 07:55:15 GMT express:router:route post '/api/profit-distributions/:distributionId/mark-paid'
Sun, 12 Oct 2025 07:55:15 GMT express:router:layer new '/'
Sun, 12 Oct 2025 07:55:15 GMT express:router:route new '/api/profit-distributions/process-payments/:profitSharingId'
Sun, 12 Oct 2025 07:55:15 GMT express:router:layer new '/api/profit-distributions/process-payments/:profitSharingId'
Sun, 12 Oct 2025 07:55:15 GMT express:router:route post '/api/profit-distributions/process-payments/:profitSharingId'
Sun, 12 Oct 2025 07:55:15 GMT express:router:layer new '/'
Sun, 12 Oct 2025 07:55:15 GMT express:router:route new '/api/investment-packages'
Sun, 12 Oct 2025 07:55:15 GMT express:router:layer new '/api/investment-packages'
Sun, 12 Oct 2025 07:55:15 GMT express:router:route get '/api/investment-packages'
Sun, 12 Oct 2025 07:55:15 GMT express:router:layer new '/'
Sun, 12 Oct 2025 07:55:15 GMT express:router:route new '/api/investment-packages/active'
Sun, 12 Oct 2025 07:55:15 GMT express:router:layer new '/api/investment-packages/active'
Sun, 12 Oct 2025 07:55:15 GMT express:router:route get '/api/investment-packages/active'
Sun, 12 Oct 2025 07:55:15 GMT express:router:layer new '/'
Sun, 12 Oct 2025 07:55:15 GMT express:router:route new '/api/investment-packages'
Sun, 12 Oct 2025 07:55:15 GMT express:router:layer new '/api/investment-packages'
Sun, 12 Oct 2025 07:55:15 GMT express:router:route post '/api/investment-packages'
Sun, 12 Oct 2025 07:55:15 GMT express:router:layer new '/'
Sun, 12 Oct 2025 07:55:15 GMT express:router:route new '/api/cash-flow/transactions'
Sun, 12 Oct 2025 07:55:15 GMT express:router:layer new '/api/cash-flow/transactions'
Sun, 12 Oct 2025 07:55:15 GMT express:router:route get '/api/cash-flow/transactions'
Sun, 12 Oct 2025 07:55:15 GMT express:router:layer new '/'
Sun, 12 Oct 2025 07:55:15 GMT express:router:route new '/api/cash-flow/transactions/all'
Sun, 12 Oct 2025 07:55:15 GMT express:router:layer new '/api/cash-flow/transactions/all'
Sun, 12 Oct 2025 07:55:15 GMT express:router:route get '/api/cash-flow/transactions/all'
Sun, 12 Oct 2025 07:55:15 GMT express:router:layer new '/'
Sun, 12 Oct 2025 07:55:15 GMT express:router:route new '/api/cash-flow/deposit'
Sun, 12 Oct 2025 07:55:15 GMT express:router:layer new '/api/cash-flow/deposit'
Sun, 12 Oct 2025 07:55:15 GMT express:router:route post '/api/cash-flow/deposit'
Sun, 12 Oct 2025 07:55:15 GMT express:router:layer new '/'
Sun, 12 Oct 2025 07:55:15 GMT express:router:route new '/api/cash-flow/withdraw'
Sun, 12 Oct 2025 07:55:15 GMT express:router:layer new '/api/cash-flow/withdraw'
Sun, 12 Oct 2025 07:55:15 GMT express:router:route post '/api/cash-flow/withdraw'
Sun, 12 Oct 2025 07:55:15 GMT express:router:layer new '/'
Sun, 12 Oct 2025 07:55:15 GMT express:router:route new '/api/cash-flow/transactions/:transactionId/approve'
Sun, 12 Oct 2025 07:55:15 GMT express:router:layer new '/api/cash-flow/transactions/:transactionId/approve'
Sun, 12 Oct 2025 07:55:15 GMT express:router:route post '/api/cash-flow/transactions/:transactionId/approve'
Sun, 12 Oct 2025 07:55:15 GMT express:router:layer new '/'
Sun, 12 Oct 2025 07:55:15 GMT express:router:route new '/api/cash-flow/transactions/:transactionId/reject'
Sun, 12 Oct 2025 07:55:15 GMT express:router:layer new '/api/cash-flow/transactions/:transactionId/reject'
Sun, 12 Oct 2025 07:55:15 GMT express:router:route post '/api/cash-flow/transactions/:transactionId/reject'
Sun, 12 Oct 2025 07:55:15 GMT express:router:layer new '/'
Sun, 12 Oct 2025 07:55:15 GMT express:router:route new '/api/contributions/asset'
Sun, 12 Oct 2025 07:55:15 GMT express:router:layer new '/api/contributions/asset'
Sun, 12 Oct 2025 07:55:15 GMT express:router:route post '/api/contributions/asset'
Sun, 12 Oct 2025 07:55:15 GMT express:router:layer new '/'
Sun, 12 Oct 2025 07:55:15 GMT express:router:route new '/api/contributions/asset'
Sun, 12 Oct 2025 07:55:15 GMT express:router:layer new '/api/contributions/asset'
Sun, 12 Oct 2025 07:55:15 GMT express:router:route get '/api/contributions/asset'
Sun, 12 Oct 2025 07:55:15 GMT express:router:layer new '/'
Sun, 12 Oct 2025 07:55:15 GMT express:router:route new '/api/contributions/asset/:id/approve'
Sun, 12 Oct 2025 07:55:15 GMT express:router:layer new '/api/contributions/asset/:id/approve'
Sun, 12 Oct 2025 07:55:15 GMT express:router:route post '/api/contributions/asset/:id/approve'
Sun, 12 Oct 2025 07:55:15 GMT express:router:layer new '/'
Sun, 12 Oct 2025 07:55:15 GMT express:router:route new '/api/contributions/asset/:id/reject'
Sun, 12 Oct 2025 07:55:15 GMT express:router:layer new '/api/contributions/asset/:id/reject'
Sun, 12 Oct 2025 07:55:15 GMT express:router:route post '/api/contributions/asset/:id/reject'
Sun, 12 Oct 2025 07:55:15 GMT express:router:layer new '/'
Sun, 12 Oct 2025 07:55:15 GMT express:router:route new '/api/pad-token/history'
Sun, 12 Oct 2025 07:55:15 GMT express:router:layer new '/api/pad-token/history'
Sun, 12 Oct 2025 07:55:15 GMT express:router:route get '/api/pad-token/history'
Sun, 12 Oct 2025 07:55:15 GMT express:router:layer new '/'
Sun, 12 Oct 2025 07:55:15 GMT express:router:route new '/api/pad-token/roi-projection'
Sun, 12 Oct 2025 07:55:15 GMT express:router:layer new '/api/pad-token/roi-projection'
Sun, 12 Oct 2025 07:55:15 GMT express:router:route get '/api/pad-token/roi-projection'
Sun, 12 Oct 2025 07:55:15 GMT express:router:layer new '/'
Sun, 12 Oct 2025 07:55:15 GMT express:router:route new '/api/admin/users'
Sun, 12 Oct 2025 07:55:15 GMT express:router:layer new '/api/admin/users'
Sun, 12 Oct 2025 07:55:15 GMT express:router:route get '/api/admin/users'
Sun, 12 Oct 2025 07:55:15 GMT express:router:layer new '/'
Sun, 12 Oct 2025 07:55:15 GMT express:router:route new '/api/admin/roles'
Sun, 12 Oct 2025 07:55:15 GMT express:router:layer new '/api/admin/roles'
Sun, 12 Oct 2025 07:55:15 GMT express:router:route get '/api/admin/roles'
Sun, 12 Oct 2025 07:55:15 GMT express:router:layer new '/'
Sun, 12 Oct 2025 07:55:15 GMT express:router:route new '/api/admin/users/:userId/roles'
Sun, 12 Oct 2025 07:55:15 GMT express:router:layer new '/api/admin/users/:userId/roles'
Sun, 12 Oct 2025 07:55:15 GMT express:router:route get '/api/admin/users/:userId/roles'
Sun, 12 Oct 2025 07:55:15 GMT express:router:layer new '/'
Sun, 12 Oct 2025 07:55:15 GMT express:router:route new '/api/admin/users/:userId/roles'
Sun, 12 Oct 2025 07:55:15 GMT express:router:layer new '/api/admin/users/:userId/roles'
Sun, 12 Oct 2025 07:55:15 GMT express:router:route post '/api/admin/users/:userId/roles'
Sun, 12 Oct 2025 07:55:15 GMT express:router:layer new '/'
Sun, 12 Oct 2025 07:55:15 GMT express:router:route new '/api/admin/users/:userId/pad-token'
Sun, 12 Oct 2025 07:55:15 GMT express:router:layer new '/api/admin/users/:userId/pad-token'
Sun, 12 Oct 2025 07:55:15 GMT express:router:route post '/api/admin/users/:userId/pad-token'
Sun, 12 Oct 2025 07:55:15 GMT express:router:layer new '/'
Sun, 12 Oct 2025 07:55:15 GMT express:router:route new '/api/admin/users/:userId/pad-token-history'
Sun, 12 Oct 2025 07:55:15 GMT express:router:layer new '/api/admin/users/:userId/pad-token-history'
Sun, 12 Oct 2025 07:55:15 GMT express:router:route get '/api/admin/users/:userId/pad-token-history'
Sun, 12 Oct 2025 07:55:15 GMT express:router:layer new '/'
Sun, 12 Oct 2025 07:55:15 GMT express:router:route new '/api/admin/users/:userId/role'
Sun, 12 Oct 2025 07:55:15 GMT express:router:layer new '/api/admin/users/:userId/role'
Sun, 12 Oct 2025 07:55:15 GMT express:router:route post '/api/admin/users/:userId/role'
Sun, 12 Oct 2025 07:55:15 GMT express:router:layer new '/'
Sun, 12 Oct 2025 07:55:15 GMT express:router:route new '/api/admin/transactions/pending'
Sun, 12 Oct 2025 07:55:15 GMT express:router:layer new '/api/admin/transactions/pending'
Sun, 12 Oct 2025 07:55:15 GMT express:router:route get '/api/admin/transactions/pending'
Sun, 12 Oct 2025 07:55:15 GMT express:router:layer new '/'
Sun, 12 Oct 2025 07:55:15 GMT express:router:route new '/api/admin/configs'
Sun, 12 Oct 2025 07:55:15 GMT express:router:layer new '/api/admin/configs'
Sun, 12 Oct 2025 07:55:15 GMT express:router:route get '/api/admin/configs'
Sun, 12 Oct 2025 07:55:15 GMT express:router:layer new '/'
Sun, 12 Oct 2025 07:55:15 GMT express:router:route new '/api/admin/configs/:configKey'
Sun, 12 Oct 2025 07:55:15 GMT express:router:layer new '/api/admin/configs/:configKey'
Sun, 12 Oct 2025 07:55:15 GMT express:router:route post '/api/admin/configs/:configKey'
Sun, 12 Oct 2025 07:55:15 GMT express:router:layer new '/'
Sun, 12 Oct 2025 07:55:15 GMT express:router:route new '/api/admin/audit-logs'
Sun, 12 Oct 2025 07:55:15 GMT express:router:layer new '/api/admin/audit-logs'
Sun, 12 Oct 2025 07:55:15 GMT express:router:route get '/api/admin/audit-logs'
Sun, 12 Oct 2025 07:55:15 GMT express:router:layer new '/'
Sun, 12 Oct 2025 07:55:15 GMT express:router:route new '/api/admin/reports/pad-token-benefits'
Sun, 12 Oct 2025 07:55:15 GMT express:router:layer new '/api/admin/reports/pad-token-benefits'
Sun, 12 Oct 2025 07:55:15 GMT express:router:route post '/api/admin/reports/pad-token-benefits'
Sun, 12 Oct 2025 07:55:15 GMT express:router:layer new '/'
Sun, 12 Oct 2025 07:55:15 GMT express:router:route new '/api/admin/reports/roles-permissions'
Sun, 12 Oct 2025 07:55:15 GMT express:router:layer new '/api/admin/reports/roles-permissions'
Sun, 12 Oct 2025 07:55:15 GMT express:router:route post '/api/admin/reports/roles-permissions'
Sun, 12 Oct 2025 07:55:15 GMT express:router:layer new '/'
Sun, 12 Oct 2025 07:55:15 GMT express:router:route new '/api/admin/reports/export'
Sun, 12 Oct 2025 07:55:15 GMT express:router:layer new '/api/admin/reports/export'
Sun, 12 Oct 2025 07:55:15 GMT express:router:route post '/api/admin/reports/export'
Sun, 12 Oct 2025 07:55:15 GMT express:router:layer new '/'
Sun, 12 Oct 2025 07:55:15 GMT express:router use '/' <anonymous>
Sun, 12 Oct 2025 07:55:15 GMT express:router:layer new '/'
Sun, 12 Oct 2025 07:55:15 GMT express:router use '/' serveStatic
Sun, 12 Oct 2025 07:55:15 GMT express:router:layer new '/'
Sun, 12 Oct 2025 07:55:15 GMT express:router use '*' <anonymous>
Sun, 12 Oct 2025 07:55:15 GMT express:router:layer new '*'
2:55:15 PM [express] serving on port 3000
Database initialization error: Unknown error
⚠️ Failed to initialize defaults, will retry on first request: connect ECONNREFUSED 127.0.0.1:443
